This file contains any messages produced by compilers while
running configure, to aid debugging if configure makes a mistake.

It was created by zsync_curl configure 0.6.2, which was
generated by GNU Autoconf 2.69.  Invocation command line was

  $ ./configure 

## --------- ##
## Platform. ##
## --------- ##

hostname = ubuntu
uname -m = x86_64
uname -r = 3.13.0-32-generic
uname -s = Linux
uname -v = #57~precise1-Ubuntu SMP Tue Jul 15 03:51:20 UTC 2014

/usr/bin/uname -p = unknown
/bin/uname -X     = unknown

/bin/arch              = unknown
/usr/bin/arch -k       = unknown
/usr/convex/getsysinfo = unknown
/usr/bin/hostinfo      = unknown
/bin/machine           = unknown
/usr/bin/oslevel       = unknown
/bin/universe          = unknown

PATH: /usr/lib/lightdm/lightdm
PATH: /usr/local/sbin
PATH: /usr/local/bin
PATH: /usr/sbin
PATH: /usr/bin
PATH: /sbin
PATH: /bin
PATH: /usr/games


## ----------- ##
## Core tests. ##
## ----------- ##

configure:2441: checking build system type
configure:2455: result: x86_64-unknown-linux-gnu
configure:2475: checking host system type
configure:2488: result: x86_64-unknown-linux-gnu
configure:2525: checking for a BSD-compatible install
configure:2593: result: /usr/bin/install -c
configure:2604: checking whether build environment is sane
configure:2654: result: yes
configure:2795: checking for a thread-safe mkdir -p
configure:2834: result: /bin/mkdir -p
configure:2847: checking for gawk
configure:2877: result: no
configure:2847: checking for mawk
configure:2863: found /usr/bin/mawk
configure:2874: result: mawk
configure:2885: checking whether make sets $(MAKE)
configure:2907: result: yes
configure:2988: checking whether to enable maintainer-specific portions of Makefiles
configure:2997: result: no
configure:3059: checking for gcc
configure:3075: found /usr/bin/gcc
configure:3086: result: gcc
configure:3315: checking for C compiler version
configure:3324: gcc --version >&5
gcc (Ubuntu/Linaro 4.6.3-1ubuntu5) 4.6.3
Copyright (C) 2011 Free Software Foundation, Inc.
This is free software; see the source for copying conditions.  There is NO
warranty; not even for MERCHANTABILITY or FITNESS FOR A PARTICULAR PURPOSE.

configure:3335: $? = 0
configure:3324: gcc -v >&5
Using built-in specs.
COLLECT_GCC=gcc
COLLECT_LTO_WRAPPER=/usr/lib/gcc/x86_64-linux-gnu/4.6/lto-wrapper
Target: x86_64-linux-gnu
Configured with: ../src/configure -v --with-pkgversion='Ubuntu/Linaro 4.6.3-1ubuntu5' --with-bugurl=file:///usr/share/doc/gcc-4.6/README.Bugs --enable-languages=c,c++,fortran,objc,obj-c++ --prefix=/usr --program-suffix=-4.6 --enable-shared --enable-linker-build-id --with-system-zlib --libexecdir=/usr/lib --without-included-gettext --enable-threads=posix --with-gxx-include-dir=/usr/include/c++/4.6 --libdir=/usr/lib --enable-nls --with-sysroot=/ --enable-clocale=gnu --enable-libstdcxx-debug --enable-libstdcxx-time=yes --enable-gnu-unique-object --enable-plugin --enable-objc-gc --disable-werror --with-arch-32=i686 --with-tune=generic --enable-checking=release --build=x86_64-linux-gnu --host=x86_64-linux-gnu --target=x86_64-linux-gnu
Thread model: posix
gcc version 4.6.3 (Ubuntu/Linaro 4.6.3-1ubuntu5) 
configure:3335: $? = 0
configure:3324: gcc -V >&5
gcc: error: unrecognized option '-V'
gcc: fatal error: no input files
compilation terminated.
configure:3335: $? = 4
configure:3324: gcc -qversion >&5
gcc: error: unrecognized option '-qversion'
gcc: fatal error: no input files
compilation terminated.
configure:3335: $? = 4
configure:3355: checking whether the C compiler works
configure:3377: gcc    conftest.c  >&5
configure:3381: $? = 0
configure:3429: result: yes
configure:3432: checking for C compiler default output file name
configure:3434: result: a.out
configure:3440: checking for suffix of executables
configure:3447: gcc -o conftest    conftest.c  >&5
configure:3451: $? = 0
configure:3473: result: 
configure:3495: checking whether we are cross compiling
configure:3503: gcc -o conftest    conftest.c  >&5
configure:3507: $? = 0
configure:3514: ./conftest
configure:3518: $? = 0
configure:3533: result: no
configure:3538: checking for suffix of object files
configure:3560: gcc -c   conftest.c >&5
configure:3564: $? = 0
configure:3585: result: o
configure:3589: checking whether we are using the GNU C compiler
configure:3608: gcc -c   conftest.c >&5
configure:3608: $? = 0
configure:3617: result: yes
configure:3626: checking whether gcc accepts -g
configure:3646: gcc -c -g  conftest.c >&5
configure:3646: $? = 0
configure:3687: result: yes
configure:3704: checking for gcc option to accept ISO C89
configure:3767: gcc  -c -g -O2  conftest.c >&5
configure:3767: $? = 0
configure:3780: result: none needed
configure:3811: checking for style of include used by make
configure:3839: result: GNU
configure:3865: checking dependency style of gcc
configure:3976: result: gcc3
configure:3991: checking whether ln -s works
configure:3995: result: yes
configure:4045: checking for ranlib
configure:4061: found /usr/bin/ranlib
configure:4072: result: ranlib
configure:4107: checking for an ANSI C-conforming const
configure:4173: gcc -c -g -O2  conftest.c >&5
configure:4173: $? = 0
configure:4180: result: yes
configure:4193: checking how to run the C preprocessor
configure:4224: gcc -E  conftest.c
configure:4224: $? = 0
configure:4238: gcc -E  conftest.c
conftest.c:11:28: fatal error: ac_nonexistent.h: No such file or directory
compilation terminated.
configure:4238: $? = 1
configure: failed program was:
| /* confdefs.h */
| #define PACKAGE_NAME "zsync_curl"
| #define PACKAGE_TARNAME "zsync_curl"
| #define PACKAGE_VERSION "0.6.2"
| #define PACKAGE_STRING "zsync_curl 0.6.2"
| #define PACKAGE_BUGREPORT "http://zsync.moria.org.uk/"
| #define PACKAGE_URL ""
| #define PACKAGE "zsync_curl"
| #define VERSION "0.6.2"
| /* end confdefs.h.  */
| #include <ac_nonexistent.h>
configure:4263: result: gcc -E
configure:4283: gcc -E  conftest.c
configure:4283: $? = 0
configure:4297: gcc -E  conftest.c
conftest.c:11:28: fatal error: ac_nonexistent.h: No such file or directory
compilation terminated.
configure:4297: $? = 1
configure: failed program was:
| /* confdefs.h */
| #define PACKAGE_NAME "zsync_curl"
| #define PACKAGE_TARNAME "zsync_curl"
| #define PACKAGE_VERSION "0.6.2"
| #define PACKAGE_STRING "zsync_curl 0.6.2"
| #define PACKAGE_BUGREPORT "http://zsync.moria.org.uk/"
| #define PACKAGE_URL ""
| #define PACKAGE "zsync_curl"
| #define VERSION "0.6.2"
| /* end confdefs.h.  */
| #include <ac_nonexistent.h>
configure:4326: checking for grep that handles long lines and -e
configure:4384: result: /bin/grep
configure:4389: checking for egrep
configure:4451: result: /bin/grep -E
configure:4456: checking for ANSI C header files
configure:4476: gcc -c -g -O2  conftest.c >&5
configure:4476: $? = 0
configure:4549: gcc -o conftest -g -O2   conftest.c  >&5
configure:4549: $? = 0
configure:4549: ./conftest
configure:4549: $? = 0
configure:4560: result: yes
configure:4575: checking for sys/types.h
configure:4575: gcc -c -g -O2  conftest.c >&5
configure:4575: $? = 0
configure:4575: result: yes
configure:4575: checking for sys/stat.h
configure:4575: gcc -c -g -O2  conftest.c >&5
configure:4575: $? = 0
configure:4575: result: yes
configure:4575: checking for stdlib.h
configure:4575: gcc -c -g -O2  conftest.c >&5
configure:4575: $? = 0
configure:4575: result: yes
configure:4575: checking for string.h
configure:4575: gcc -c -g -O2  conftest.c >&5
configure:4575: $? = 0
configure:4575: result: yes
configure:4575: checking for memory.h
configure:4575: gcc -c -g -O2  conftest.c >&5
configure:4575: $? = 0
configure:4575: result: yes
configure:4575: checking for strings.h
configure:4575: gcc -c -g -O2  conftest.c >&5
configure:4575: $? = 0
configure:4575: result: yes
configure:4575: checking for inttypes.h
configure:4575: gcc -c -g -O2  conftest.c >&5
configure:4575: $? = 0
configure:4575: result: yes
configure:4575: checking for stdint.h
configure:4575: gcc -c -g -O2  conftest.c >&5
configure:4575: $? = 0
configure:4575: result: yes
configure:4575: checking for unistd.h
configure:4575: gcc -c -g -O2  conftest.c >&5
configure:4575: $? = 0
configure:4575: result: yes
configure:4589: checking for string.h
configure:4589: result: yes
configure:4599: checking for size_t
configure:4599: gcc -c -g -O2  conftest.c >&5
configure:4599: $? = 0
configure:4599: gcc -c -g -O2  conftest.c >&5
conftest.c: In function 'main':
conftest.c:58:21: error: expected expression before ')' token
configure:4599: $? = 1
configure: failed program was:
| /* confdefs.h */
| #define PACKAGE_NAME "zsync_curl"
| #define PACKAGE_TARNAME "zsync_curl"
| #define PACKAGE_VERSION "0.6.2"
| #define PACKAGE_STRING "zsync_curl 0.6.2"
| #define PACKAGE_BUGREPORT "http://zsync.moria.org.uk/"
| #define PACKAGE_URL ""
| #define PACKAGE "zsync_curl"
| #define VERSION "0.6.2"
| #define STDC_HEADERS 1
| #define HAVE_SYS_TYPES_H 1
| #define HAVE_SYS_STAT_H 1
| #define HAVE_STDLIB_H 1
| #define HAVE_STRING_H 1
| #define HAVE_MEMORY_H 1
| #define HAVE_STRINGS_H 1
| #define HAVE_INTTYPES_H 1
| #define HAVE_STDINT_H 1
| #define HAVE_UNISTD_H 1
| #define HAVE_STRING_H 1
| /* end confdefs.h.  */
| #include <stdio.h>
| #ifdef HAVE_SYS_TYPES_H
| # include <sys/types.h>
| #endif
| #ifdef HAVE_SYS_STAT_H
| # include <sys/stat.h>
| #endif
| #ifdef STDC_HEADERS
| # include <stdlib.h>
| # include <stddef.h>
| #else
| # ifdef HAVE_STDLIB_H
| #  include <stdlib.h>
| # endif
| #endif
| #ifdef HAVE_STRING_H
| # if !defined STDC_HEADERS && defined HAVE_MEMORY_H
| #  include <memory.h>
| # endif
| # include <string.h>
| #endif
| #ifdef HAVE_STRINGS_H
| # include <strings.h>
| #endif
| #ifdef HAVE_INTTYPES_H
| # include <inttypes.h>
| #endif
| #ifdef HAVE_STDINT_H
| # include <stdint.h>
| #endif
| #ifdef HAVE_UNISTD_H
| # include <unistd.h>
| #endif
| int
| main ()
| {
| if (sizeof ((size_t)))
| 	    return 0;
|   ;
|   return 0;
| }
configure:4599: result: yes
configure:4613: checking for memcpy
configure:4613: gcc -o conftest -g -O2   conftest.c  >&5
conftest.c:45:6: warning: conflicting types for built-in function 'memcpy' [enabled by default]
configure:4613: $? = 0
configure:4613: result: yes
configure:4613: checking for pwrite
configure:4613: gcc -o conftest -g -O2   conftest.c  >&5
configure:4613: $? = 0
configure:4613: result: yes
configure:4613: checking for pread
configure:4613: gcc -o conftest -g -O2   conftest.c  >&5
configure:4613: $? = 0
configure:4613: result: yes
configure:4613: checking for mkstemp
configure:4613: gcc -o conftest -g -O2   conftest.c  >&5
configure:4613: $? = 0
configure:4613: result: yes
configure:4623: checking for socklen_t
configure:4643: gcc -c -g -O2  conftest.c >&5
configure:4643: $? = 0
configure:4650: result: yes
configure:4657: checking for in_port_t
configure:4678: gcc -c -g -O2  conftest.c >&5
configure:4678: $? = 0
configure:4685: result: yes
configure:4798: checking for h_errno declaration in netdb.h
configure:4817: gcc -c -g -O2  conftest.c >&5
configure:4817: $? = 0
configure:4824: result: yes
configure:4832: checking for socket in -lsocket
configure:4857: gcc -o conftest -g -O2   conftest.c -lsocket   >&5
/usr/bin/ld: cannot find -lsocket
collect2: ld returned 1 exit status
configure:4857: $? = 1
configure: failed program was:
| /* confdefs.h */
| #define PACKAGE_NAME "zsync_curl"
| #define PACKAGE_TARNAME "zsync_curl"
| #define PACKAGE_VERSION "0.6.2"
| #define PACKAGE_STRING "zsync_curl 0.6.2"
| #define PACKAGE_BUGREPORT "http://zsync.moria.org.uk/"
| #define PACKAGE_URL ""
| #define PACKAGE "zsync_curl"
| #define VERSION "0.6.2"
| #define STDC_HEADERS 1
| #define HAVE_SYS_TYPES_H 1
| #define HAVE_SYS_STAT_H 1
| #define HAVE_STDLIB_H 1
| #define HAVE_STRING_H 1
| #define HAVE_MEMORY_H 1
| #define HAVE_STRINGS_H 1
| #define HAVE_INTTYPES_H 1
| #define HAVE_STDINT_H 1
| #define HAVE_UNISTD_H 1
| #define HAVE_STRING_H 1
| #define HAVE_MEMCPY 1
| #define HAVE_PWRITE 1
| #define HAVE_PREAD 1
| #define HAVE_MKSTEMP 1
| #define H_ERRNO_DECLARED 1
| /* end confdefs.h.  */
| 
| /* Override any GCC internal prototype to avoid an error.
|    Use char because int might match the return type of a GCC
|    builtin and then its argument prototype would still apply.  */
| #ifdef __cplusplus
| extern "C"
| #endif
| char socket ();
| int
| main ()
| {
| return socket ();
|   ;
|   return 0;
| }
configure:4866: result: no
configure:4878: checking for curl_multi_init in -lcurl
configure:4903: gcc -o conftest -g -O2   conftest.c -lcurl   >&5
configure:4903: $? = 0
configure:4912: result: yes
configure:4924: checking for getaddrinfo
configure:4924: gcc -o conftest -g -O2   conftest.c -lcurl  >&5
configure:4924: $? = 0
configure:4924: result: yes
configure:4946: checking for special C compiler options needed for large files
configure:4991: result: no
configure:4997: checking for _FILE_OFFSET_BITS value needed for large files
configure:5022: gcc -c -g -O2  conftest.c >&5
configure:5022: $? = 0
configure:5054: result: no
configure:5139: checking for _LARGEFILE_SOURCE value needed for large files
configure:5158: gcc -o conftest -g -O2   conftest.c -lcurl  >&5
configure:5158: $? = 0
configure:5186: result: no
configure:5211: checking size of size_t
configure:5216: gcc -o conftest -g -O2   conftest.c -lcurl  >&5
configure:5216: $? = 0
configure:5216: ./conftest
configure:5216: $? = 0
configure:5230: result: 8
configure:5244: checking size of off_t
configure:5249: gcc -o conftest -g -O2   conftest.c -lcurl  >&5
configure:5249: $? = 0
configure:5249: ./conftest
configure:5249: $? = 0
configure:5263: result: 8
configure:5274: checking if malloc debugging is wanted
configure:5292: result: no
configure:5325: checking whether compiler supports -g
configure:5341: gcc -c -g -O2 -g  conftest.c >&5
configure:5341: $? = 0
configure:5344: result: yes
configure:5325: checking whether compiler supports -Wall
configure:5341: gcc -c -g -O2 -g -Wall  conftest.c >&5
configure:5341: $? = 0
configure:5344: result: yes
configure:5325: checking whether compiler supports -Wwrite-strings
configure:5341: gcc -c -g -O2 -g -Wall -Wwrite-strings  conftest.c >&5
configure:5341: $? = 0
configure:5344: result: yes
configure:5325: checking whether compiler supports -Winline
configure:5341: gcc -c -g -O2 -g -Wall -Wwrite-strings -Winline  conftest.c >&5
configure:5341: $? = 0
configure:5344: result: yes
configure:5325: checking whether compiler supports -Wextra
configure:5341: gcc -c -g -O2 -g -Wall -Wwrite-strings -Winline -Wextra  conftest.c >&5
configure:5341: $? = 0
configure:5344: result: yes
configure:5325: checking whether compiler supports -Winline
configure:5341: gcc -c -g -O2 -g -Wall -Wwrite-strings -Winline -Wextra -Winline  conftest.c >&5
configure:5341: $? = 0
configure:5344: result: yes
configure:5325: checking whether compiler supports -Wmissing-noreturn
configure:5341: gcc -c -g -O2 -g -Wall -Wwrite-strings -Winline -Wextra -Winline -Wmissing-noreturn  conftest.c >&5
configure:5341: $? = 0
configure:5344: result: yes
configure:5325: checking whether compiler supports -Wredundant-decls
configure:5341: gcc -c -g -O2 -g -Wall -Wwrite-strings -Winline -Wextra -Winline -Wmissing-noreturn -Wredundant-decls  conftest.c >&5
configure:5341: $? = 0
configure:5344: result: yes
configure:5325: checking whether compiler supports -Wnested-externs
configure:5341: gcc -c -g -O2 -g -Wall -Wwrite-strings -Winline -Wextra -Winline -Wmissing-noreturn -Wredundant-decls -Wnested-externs  conftest.c >&5
configure:5341: $? = 0
configure:5344: result: yes
configure:5325: checking whether compiler supports -Wundef
configure:5341: gcc -c -g -O2 -g -Wall -Wwrite-strings -Winline -Wextra -Winline -Wmissing-noreturn -Wredundant-decls -Wnested-externs -Wundef  conftest.c >&5
configure:5341: $? = 0
configure:5344: result: yes
configure:5325: checking whether compiler supports -Wbad-function-cast
configure:5341: gcc -c -g -O2 -g -Wall -Wwrite-strings -Winline -Wextra -Winline -Wmissing-noreturn -Wredundant-decls -Wnested-externs -Wundef -Wbad-function-cast  conftest.c >&5
configure:5341: $? = 0
configure:5344: result: yes
configure:5325: checking whether compiler supports -Wcast-align
configure:5341: gcc -c -g -O2 -g -Wall -Wwrite-strings -Winline -Wextra -Winline -Wmissing-noreturn -Wredundant-decls -Wnested-externs -Wundef -Wbad-function-cast -Wcast-align  conftest.c >&5
configure:5341: $? = 0
configure:5344: result: yes
configure:5325: checking whether compiler supports -Wvolatile-register-var
configure:5341: gcc -c -g -O2 -g -Wall -Wwrite-strings -Winline -Wextra -Winline -Wmissing-noreturn -Wredundant-decls -Wnested-externs -Wundef -Wbad-function-cast -Wcast-align -Wvolatile-register-var  conftest.c >&5
configure:5341: $? = 0
configure:5344: result: yes
configure:5325: checking whether compiler supports -ffast-math
configure:5341: gcc -c -g -O2 -g -Wall -Wwrite-strings -Winline -Wextra -Winline -Wmissing-noreturn -Wredundant-decls -Wnested-externs -Wundef -Wbad-function-cast -Wcast-align -Wvolatile-register-var -ffast-math  conftest.c >&5
configure:5341: $? = 0
configure:5344: result: yes
configure:5499: creating ./config.status

## ---------------------- ##
## Running config.status. ##
## ---------------------- ##

This file was extended by zsync_curl config.status 0.6.2, which was
generated by GNU Autoconf 2.69.  Invocation command line was

  CONFIG_FILES    = 
  CONFIG_HEADERS  = 
  CONFIG_LINKS    = 
  CONFIG_COMMANDS = 
  $ ./config.status 

on ubuntu

config.status:882: creating Makefile
config.status:882: creating librcksum/Makefile
config.status:882: creating zlib/Makefile
config.status:882: creating libzsync/Makefile
config.status:882: creating doc/Makefile
config.status:882: creating config.h
config.status:1063: config.h is unchanged
config.status:1111: executing depfiles commands

## ---------------- ##
## Cache variables. ##
## ---------------- ##

ac_cv_build=x86_64-unknown-linux-gnu
ac_cv_c_compiler_gnu=yes
ac_cv_c_const=yes
ac_cv_decl_h_errno=yes
ac_cv_env_CC_set=
ac_cv_env_CC_value=
ac_cv_env_CFLAGS_set=
ac_cv_env_CFLAGS_value=
ac_cv_env_CPPFLAGS_set=
ac_cv_env_CPPFLAGS_value=
ac_cv_env_CPP_set=
ac_cv_env_CPP_value=
ac_cv_env_LDFLAGS_set=
ac_cv_env_LDFLAGS_value=
ac_cv_env_LIBS_set=
ac_cv_env_LIBS_value=
ac_cv_env_build_alias_set=
ac_cv_env_build_alias_value=
ac_cv_env_host_alias_set=
ac_cv_env_host_alias_value=
ac_cv_env_target_alias_set=
ac_cv_env_target_alias_value=
ac_cv_func_getaddrinfo=yes
ac_cv_func_memcpy=yes
ac_cv_func_mkstemp=yes
ac_cv_func_pread=yes
ac_cv_func_pwrite=yes
ac_cv_header_inttypes_h=yes
ac_cv_header_memory_h=yes
ac_cv_header_stdc=yes
ac_cv_header_stdint_h=yes
ac_cv_header_stdlib_h=yes
ac_cv_header_string_h=yes
ac_cv_header_strings_h=yes
ac_cv_header_sys_stat_h=yes
ac_cv_header_sys_types_h=yes
ac_cv_header_unistd_h=yes
ac_cv_host=x86_64-unknown-linux-gnu
ac_cv_lib_curl_curl_multi_init=yes
ac_cv_lib_socket_socket=no
ac_cv_objext=o
ac_cv_path_EGREP='/bin/grep -E'
ac_cv_path_GREP=/bin/grep
ac_cv_path_install='/usr/bin/install -c'
ac_cv_path_mkdir=/bin/mkdir
ac_cv_prog_AWK=mawk
ac_cv_prog_CPP='gcc -E'
ac_cv_prog_ac_ct_CC=gcc
ac_cv_prog_ac_ct_RANLIB=ranlib
ac_cv_prog_cc_c89=
ac_cv_prog_cc_g=yes
ac_cv_prog_make_make_set=yes
ac_cv_sizeof_off_t=8
ac_cv_sizeof_size_t=8
ac_cv_sys_file_offset_bits=no
ac_cv_sys_largefile_CC=no
ac_cv_sys_largefile_source=no
ac_cv_type_in_port_t=yes
ac_cv_type_size_t=yes
ac_cv_type_socklen_t=yes
am_cv_CC_dependencies_compiler_type=gcc3

## ----------------- ##
## Output variables. ##
## ----------------- ##

ACLOCAL='${SHELL} /home/ubuntu/zsync-curl/src/autotools/missing --run aclocal-1.11'
AMDEPBACKSLASH='\'
AMDEP_FALSE='#'
AMDEP_TRUE=''
AMTAR='$${TAR-tar}'
AUTOCONF='${SHELL} /home/ubuntu/zsync-curl/src/autotools/missing --run autoconf'
AUTOHEADER='${SHELL} /home/ubuntu/zsync-curl/src/autotools/missing --run autoheader'
AUTOMAKE='${SHELL} /home/ubuntu/zsync-curl/src/autotools/missing --run automake-1.11'
AWK='mawk'
CC='gcc'
CCDEPMODE='depmode=gcc3'
CFLAGS='-g -O2 -g -Wall -Wwrite-strings -Winline -Wextra -Winline -Wmissing-noreturn -Wredundant-decls -Wnested-externs -Wundef -Wbad-function-cast -Wcast-align -Wvolatile-register-var -ffast-math'
CPP='gcc -E'
CPPFLAGS=''
CYGPATH_W='echo'
DEFS='-DHAVE_CONFIG_H'
DEPDIR='.deps'
ECHO_C=''
ECHO_N='-n'
ECHO_T=''
EGREP='/bin/grep -E'
EXEEXT=''
GREP='/bin/grep'
INSTALL_DATA='${INSTALL} -m 644'
INSTALL_PROGRAM='${INSTALL}'
INSTALL_SCRIPT='${INSTALL}'
INSTALL_STRIP_PROGRAM='$(install_sh) -c -s'
LDFLAGS=''
LIBOBJS=''
LIBS='-lcurl '
LN_S='ln -s'
LTLIBOBJS=''
MAINT='#'
MAINTAINER_MODE_FALSE=''
MAINTAINER_MODE_TRUE='#'
MAKEINFO='${SHELL} /home/ubuntu/zsync-curl/src/autotools/missing --run makeinfo'
MINGW32_FALSE=''
MINGW32_TRUE='#'
MKDIR_P='/bin/mkdir -p'
OBJEXT='o'
PACKAGE='zsync_curl'
PACKAGE_BUGREPORT='http://zsync.moria.org.uk/'
PACKAGE_NAME='zsync_curl'
PACKAGE_STRING='zsync_curl 0.6.2'
PACKAGE_TARNAME='zsync_curl'
PACKAGE_URL=''
PACKAGE_VERSION='0.6.2'
PATH_SEPARATOR=':'
RANLIB='ranlib'
SET_MAKE=''
SHELL='/bin/bash'
STRIP=''
VERSION='0.6.2'
ac_aux_dir='autotools'
ac_ct_CC='gcc'
am__EXEEXT_FALSE=''
am__EXEEXT_TRUE='#'
am__fastdepCC_FALSE='#'
am__fastdepCC_TRUE=''
am__include='include'
am__isrc=''
am__leading_dot='.'
am__nodep='_no'
am__quote=''
am__tar='$${TAR-tar} chof - "$$tardir"'
am__untar='$${TAR-tar} xf -'
bindir='${exec_prefix}/bin'
build='x86_64-unknown-linux-gnu'
build_alias=''
build_cpu='x86_64'
build_os='linux-gnu'
build_vendor='unknown'
datadir='${datarootdir}'
datarootdir='${prefix}/share'
docdir='${datarootdir}/doc/${PACKAGE_TARNAME}'
dvidir='${docdir}'
exec_prefix='${prefix}'
host='x86_64-unknown-linux-gnu'
host_alias=''
host_cpu='x86_64'
host_os='linux-gnu'
host_vendor='unknown'
htmldir='${docdir}'
includedir='${prefix}/include'
infodir='${datarootdir}/info'
install_sh='${SHELL} /home/ubuntu/zsync-curl/src/autotools/install-sh'
libdir='${exec_prefix}/lib'
libexecdir='${exec_prefix}/libexec'
localedir='${datarootdir}/locale'
localstatedir='${prefix}/var'
mandir='${datarootdir}/man'
mkdir_p='/bin/mkdir -p'
oldincludedir='/usr/include'
pdfdir='${docdir}'
prefix='/usr/local'
program_transform_name='s,x,x,'
psdir='${docdir}'
sbindir='${exec_prefix}/sbin'
sharedstatedir='${prefix}/com'
sysconfdir='${prefix}/etc'
target_alias=''

## ----------- ##
## confdefs.h. ##
## ----------- ##

/* confdefs.h */
#define PACKAGE_NAME "zsync_curl"
#define PACKAGE_TARNAME "zsync_curl"
#define PACKAGE_VERSION "0.6.2"
#define PACKAGE_STRING "zsync_curl 0.6.2"
#define PACKAGE_BUGREPORT "http://zsync.moria.org.uk/"
#define PACKAGE_URL ""
#define PACKAGE "zsync_curl"
#define VERSION "0.6.2"
#define STDC_HEADERS 1
#define HAVE_SYS_TYPES_H 1
#define HAVE_SYS_STAT_H 1
#define HAVE_STDLIB_H 1
#define HAVE_STRING_H 1
#define HAVE_MEMORY_H 1
#define HAVE_STRINGS_H 1
#define HAVE_INTTYPES_H 1
#define HAVE_STDINT_H 1
#define HAVE_UNISTD_H 1
#define HAVE_STRING_H 1
#define HAVE_MEMCPY 1
#define HAVE_PWRITE 1
#define HAVE_PREAD 1
#define HAVE_MKSTEMP 1
#define H_ERRNO_DECLARED 1
#define HAVE_LIBCURL 1
#define HAVE_GETADDRINFO 1
#define HAVE_FSEEKO 1
#define SIZEOF_SIZE_T 8
#define SIZEOF_OFF_T 8
#define _XOPEN_SOURCE 600
#define _BSD_SOURCE 1

configure: exit 0
